<?xml version="1.0" encoding="UTF-8"?>
<testng-results skipped="1" failed="0" total="3" passed="2">
  <reporter-output>
  </reporter-output>
  <suite name="Default suite" duration-ms="45088" started-at="2017-10-01T14:47:45Z" finished-at="2017-10-01T14:48:30Z">
    <groups>
    </groups>
    <test name="Default test" duration-ms="45088" started-at="2017-10-01T14:47:45Z" finished-at="2017-10-01T14:48:30Z">
      <class name="com.DataDrivenWithCICD.Test.Parking">
        <test-method status="PASS" signature="beforeMethod()[pri:0, instance:com.DataDrivenWithCICD.Test.Parking@146ba0ac]" name="beforeMethod" is-config="true" duration-ms="4604" started-at="2017-10-01T10:47:46Z" finished-at="2017-10-01T10:47:50Z">
          <reporter-output>
          </reporter-output>
        </test-method> <!-- beforeMethod -->
        <test-method status="PASS" signature="parkingCalac(java.lang.String, java.lang.String, java.lang.String, java.lang.String, java.lang.String, java.lang.String, java.lang.String)[pri:0, instance:com.DataDrivenWithCICD.Test.Parking@146ba0ac]" name="parkingCalac" duration-ms="15259" started-at="2017-10-01T10:47:50Z" data-provider="ParkingTest" finished-at="2017-10-01T10:48:05Z">
          <params>
            <param index="0">
              <value>
                <![CDATA[Short-Term Parking]]>
              </value>
            </param>
            <param index="1">
              <value>
                <![CDATA[10:00]]>
              </value>
            </param>
            <param index="2">
              <value>
                <![CDATA[am]]>
              </value>
            </param>
            <param index="3">
              <value>
                <![CDATA[5/19/17]]>
              </value>
            </param>
            <param index="4">
              <value>
                <![CDATA[11:00]]>
              </value>
            </param>
            <param index="5">
              <value>
                <![CDATA[am]]>
              </value>
            </param>
            <param index="6">
              <value>
                <![CDATA[5/19/17]]>
              </value>
            </param>
          </params>
          <reporter-output>
          </reporter-output>
        </test-method> <!-- parkingCalac -->
        <test-method status="PASS" signature="afterMethod()[pri:0, instance:com.DataDrivenWithCICD.Test.Parking@146ba0ac]" name="afterMethod" is-config="true" duration-ms="4177" started-at="2017-10-01T10:48:05Z" finished-at="2017-10-01T10:48:10Z">
          <reporter-output>
          </reporter-output>
        </test-method> <!-- afterMethod -->
        <test-method status="PASS" signature="beforeMethod()[pri:0, instance:com.DataDrivenWithCICD.Test.Parking@146ba0ac]" name="beforeMethod" is-config="true" duration-ms="3244" started-at="2017-10-01T10:48:10Z" finished-at="2017-10-01T10:48:13Z">
          <reporter-output>
          </reporter-output>
        </test-method> <!-- beforeMethod -->
        <test-method status="PASS" signature="parkingCalac(java.lang.String, java.lang.String, java.lang.String, java.lang.String, java.lang.String, java.lang.String, java.lang.String)[pri:0, instance:com.DataDrivenWithCICD.Test.Parking@146ba0ac]" name="parkingCalac" duration-ms="12311" started-at="2017-10-01T10:48:13Z" data-provider="ParkingTest" finished-at="2017-10-01T10:48:25Z">
          <params>
            <param index="0">
              <value>
                <![CDATA[Short-Term Parking]]>
              </value>
            </param>
            <param index="1">
              <value>
                <![CDATA[11:00]]>
              </value>
            </param>
            <param index="2">
              <value>
                <![CDATA[pm]]>
              </value>
            </param>
            <param index="3">
              <value>
                <![CDATA[5/20/17]]>
              </value>
            </param>
            <param index="4">
              <value>
                <![CDATA[12:00]]>
              </value>
            </param>
            <param index="5">
              <value>
                <![CDATA[pm]]>
              </value>
            </param>
            <param index="6">
              <value>
                <![CDATA[5/20/17]]>
              </value>
            </param>
          </params>
          <reporter-output>
          </reporter-output>
        </test-method> <!-- parkingCalac -->
        <test-method status="FAIL" signature="afterMethod()[pri:0, instance:com.DataDrivenWithCICD.Test.Parking@146ba0ac]" name="afterMethod" is-config="true" duration-ms="0" started-at="2017-10-01T10:48:25Z" finished-at="2017-10-01T10:48:25Z">
          <exception class="org.openqa.selenium.WebDriverException">
            <message>
              <![CDATA[chrome not reachable
  (Session info: chrome=61.0.3163.100)
  (Driver info: chromedriver=2.29.461591 (62ebf098771772160f391d75e589dc567915b233),platform=Windows NT 10.0.15063 x86_64) (WARNING: The server did not provide any stacktrace information)
Command duration or timeout: 2.04 seconds
Build info: version: '3.0.1', revision: '1969d75', time: '2016-10-18 09:49:13 -0700'
System info: host: 'roaim', ip: '192.168.62.61', os.name: 'Windows 10', os.arch: 'amd64', os.version: '10.0', java.version: '1.8.0_111'
Driver info: org.openqa.selenium.chrome.ChromeDriver
Capabilities [{applicationCacheEnabled=false, rotatable=false, mobileEmulationEnabled=false, networkConnectionEnabled=false, chrome={chromedriverVersion=2.29.461591 (62ebf098771772160f391d75e589dc567915b233), userDataDir=C:\Users\Raja\AppData\Local\Temp\scoped_dir3704_8665}, takesHeapSnapshot=true, pageLoadStrategy=normal, databaseEnabled=false, handlesAlerts=true, hasTouchScreen=false, version=61.0.3163.100, platform=XP, browserConnectionEnabled=false, nativeEvents=true, acceptSslCerts=true, locationContextEnabled=true, webStorageEnabled=true, browserName=chrome, takesScreenshot=true, javascriptEnabled=true, cssSelectorsEnabled=true, unexpectedAlertBehaviour=}]
Session ID: f168a0ade247bb30c74e383010262321]]>
            </message>
            <full-stacktrace>
              <![CDATA[org.openqa.selenium.WebDriverException: chrome not reachable
  (Session info: chrome=61.0.3163.100)
  (Driver info: chromedriver=2.29.461591 (62ebf098771772160f391d75e589dc567915b233),platform=Windows NT 10.0.15063 x86_64) (WARNING: The server did not provide any stacktrace information)
Command duration or timeout: 2.04 seconds
Build info: version: '3.0.1', revision: '1969d75', time: '2016-10-18 09:49:13 -0700'
System info: host: 'roaim', ip: '192.168.62.61', os.name: 'Windows 10', os.arch: 'amd64', os.version: '10.0', java.version: '1.8.0_111'
Driver info: org.openqa.selenium.chrome.ChromeDriver
Capabilities [{applicationCacheEnabled=false, rotatable=false, mobileEmulationEnabled=false, networkConnectionEnabled=false, chrome={chromedriverVersion=2.29.461591 (62ebf098771772160f391d75e589dc567915b233), userDataDir=C:\Users\Raja\AppData\Local\Temp\scoped_dir3704_8665}, takesHeapSnapshot=true, pageLoadStrategy=normal, databaseEnabled=false, handlesAlerts=true, hasTouchScreen=false, version=61.0.3163.100, platform=XP, browserConnectionEnabled=false, nativeEvents=true, acceptSslCerts=true, locationContextEnabled=true, webStorageEnabled=true, browserName=chrome, takesScreenshot=true, javascriptEnabled=true, cssSelectorsEnabled=true, unexpectedAlertBehaviour=}]
Session ID: f168a0ade247bb30c74e383010262321
	at sun.reflect.NativeConstructorAccessorImpl.newInstance0(Native Method)
	at sun.reflect.NativeConstructorAccessorImpl.newInstance(NativeConstructorAccessorImpl.java:62)
	at sun.reflect.DelegatingConstructorAccessorImpl.newInstance(DelegatingConstructorAccessorImpl.java:45)
	at java.lang.reflect.Constructor.newInstance(Constructor.java:423)
	at org.openqa.selenium.remote.ErrorHandler.createThrowable(ErrorHandler.java:216)
	at org.openqa.selenium.remote.ErrorHandler.throwIfResponseFailed(ErrorHandler.java:168)
	at org.openqa.selenium.remote.RemoteWebDriver.execute(RemoteWebDriver.java:635)
	at org.openqa.selenium.remote.RemoteWebDriver.execute(RemoteWebDriver.java:658)
	at org.openqa.selenium.remote.RemoteWebDriver.close(RemoteWebDriver.java:487)
	at com.DataDrivenWithCICD.Test.Parking.afterMethod(Parking.java:94)
	at sun.reflect.NativeMethodAccessorImpl.invoke0(Native Method)
	at sun.reflect.NativeMethodAccessorImpl.invoke(NativeMethodAccessorImpl.java:62)
	at sun.reflect.DelegatingMethodAccessorImpl.invoke(DelegatingMethodAccessorImpl.java:43)
	at java.lang.reflect.Method.invoke(Method.java:498)
	at org.testng.internal.MethodInvocationHelper.invokeMethod(MethodInvocationHelper.java:86)
	at org.testng.internal.Invoker.invokeConfigurationMethod(Invoker.java:514)
	at org.testng.internal.Invoker.invokeConfigurations(Invoker.java:215)
	at org.testng.internal.Invoker.invokeMethod(Invoker.java:707)
	at org.testng.internal.Invoker.invokeTestMethod(Invoker.java:820)
	at org.testng.internal.Invoker.invokeTestMethods(Invoker.java:1128)
	at org.testng.internal.TestMethodWorker.invokeTestMethods(TestMethodWorker.java:129)
	at org.testng.internal.TestMethodWorker.run(TestMethodWorker.java:112)
	at org.testng.TestRunner.privateRun(TestRunner.java:782)
	at org.testng.TestRunner.run(TestRunner.java:632)
	at org.testng.SuiteRunner.runTest(SuiteRunner.java:366)
	at org.testng.SuiteRunner.runSequentially(SuiteRunner.java:361)
	at org.testng.SuiteRunner.privateRun(SuiteRunner.java:319)
	at org.testng.SuiteRunner.run(SuiteRunner.java:268)
	at org.testng.SuiteRunnerWorker.runSuite(SuiteRunnerWorker.java:52)
	at org.testng.SuiteRunnerWorker.run(SuiteRunnerWorker.java:86)
	at org.testng.TestNG.runSuitesSequentially(TestNG.java:1244)
	at org.testng.TestNG.runSuitesLocally(TestNG.java:1169)
	at org.testng.TestNG.run(TestNG.java:1064)
	at org.testng.remote.AbstractRemoteTestNG.run(AbstractRemoteTestNG.java:132)
	at org.testng.remote.RemoteTestNG.initAndRun(RemoteTestNG.java:236)
	at org.testng.remote.RemoteTestNG.main(RemoteTestNG.java:81)
]]>
            </full-stacktrace>
          </exception> <!-- org.openqa.selenium.WebDriverException -->
          <reporter-output>
          </reporter-output>
        </test-method> <!-- afterMethod -->
        <test-method status="SKIP" signature="beforeMethod()[pri:0, instance:com.DataDrivenWithCICD.Test.Parking@146ba0ac]" name="beforeMethod" is-config="true" duration-ms="0" started-at="2017-10-01T10:48:30Z" finished-at="2017-10-01T10:48:30Z">
          <reporter-output>
          </reporter-output>
        </test-method> <!-- beforeMethod -->
        <test-method status="SKIP" signature="parkingCalac(java.lang.String, java.lang.String, java.lang.String, java.lang.String, java.lang.String, java.lang.String, java.lang.String)[pri:0, instance:com.DataDrivenWithCICD.Test.Parking@146ba0ac]" name="parkingCalac" duration-ms="11" started-at="2017-10-01T10:48:30Z" data-provider="ParkingTest" finished-at="2017-10-01T10:48:30Z">
          <params>
            <param index="0">
              <value>
                <![CDATA[Economy Parking]]>
              </value>
            </param>
            <param index="1">
              <value>
                <![CDATA[8:00]]>
              </value>
            </param>
            <param index="2">
              <value>
                <![CDATA[am]]>
              </value>
            </param>
            <param index="3">
              <value>
                <![CDATA[5/21/17]]>
              </value>
            </param>
            <param index="4">
              <value>
                <![CDATA[10:00]]>
              </value>
            </param>
            <param index="5">
              <value>
                <![CDATA[am]]>
              </value>
            </param>
            <param index="6">
              <value>
                <![CDATA[5/21/17]]>
              </value>
            </param>
          </params>
          <reporter-output>
          </reporter-output>
        </test-method> <!-- parkingCalac -->
        <test-method status="SKIP" signature="afterMethod()[pri:0, instance:com.DataDrivenWithCICD.Test.Parking@146ba0ac]" name="afterMethod" is-config="true" duration-ms="0" started-at="2017-10-01T10:48:30Z" finished-at="2017-10-01T10:48:30Z">
          <reporter-output>
          </reporter-output>
        </test-method> <!-- afterMethod -->
      </class> <!-- com.DataDrivenWithCICD.Test.Parking -->
    </test> <!-- Default test -->
  </suite> <!-- Default suite -->
</testng-results>
